Arguments: 
  /usr/bin/node15 /usr/local/bin/yarn install

PATH: 
  /home/maso/git/gpg/mxe/usr/bin:/home/maso/.nix-profile/bin:/home/maso/git/gpg/mxe/usr/bin:/home/maso/bin:/usr/local/bin:/usr/bin:/bin:/home/maso/.npm-packages/bin:/home/maso/git/mostafabarmshory/group-tool:/home/maso/bin:/opt/gradle/gradle-6.2.1/bin:/home/maso/Android/Sdk/cmdline-tools/latest/bin:/home/maso/.npm-packages/bin:/home/maso/git/mostafabarmshory/group-tool:/home/maso/bin:/opt/gradle/gradle-6.2.1/bin:/home/maso/Android/Sdk/cmdline-tools/latest/bin

Yarn version: 
  1.22.4

Node version: 
  15.8.0

Platform: 
  linux x64

Trace: 
  Error: EEXIST: file already exists, mkdir '/home/maso/git/viraweb123/vw-dashboard/node_modules/mblowfish/node_modules'

npm manifest: 
  {
  	"name": "vw-dashboard",
  	"version": "7.0.0",
  	"description": "A modern dashboard",
  	"author": "Mostafa Barmshory",
  	"license": "MIT",
  	"homepage": "https://github.com/viraweb123/vw-dashboard",
  	"bugs": {
  		"url": "https://github.com/viraweb123/vw-dashboard/issues"
  	},
  	"scripts": {
  		"build": "webpack --mode production --bail --progress --profile",
  		"test": "karma start",
  		"test-watch": "karma start --auto-watch --no-single-run",
  		"serve": "webpack serve --mode development --history-api-fallback --inline --progress"
  	},
  	"devDependencies": {
  		"@babel/core": "^7.13",
  		"@babel/preset-env": "^7.13",
  		"@babel/plugin-transform-modules-commonjs": "^7.13",
  		
  		"autoprefixer": "^10.2.4",
  		"postcss": "^8.2.6",
  
  		"webpack": "^5.24.1",
  		"webpack-cli": "^4.5.0",
  		"webpack-dev-server": "^3",
  
  		"babel-loader": "^8.2.2",
  		"raw-loader": "^4.0",
  		"style-loader": "^2.0",
  		"css-loader": "^5.0",
  		"postcss-loader": "^5.0",
  		"expose-loader": "^2.0",
  		"html-loader": "^2.1",
  		"file-loader": "^6.2",
  
  		"babel-plugin-angularjs-annotate": "^0.10",
  		"clean-webpack-plugin": "^3.0.0",
  		"copy-webpack-plugin": "^7.0.0",
  		"html-webpack-plugin": "^5.2.0",
  		"mini-css-extract-plugin": "^1.3.8"
  	},
  	"dependencies": {
  		"mblowfish": "file:/home/maso/git/mblowfish/mblowfish-core"
  	},
  	"peerDependencies": {},
  	"peerDependenciesMeta": {},
  	"optionalDependencies":{},
  	"bundledDependencies": [],
  	"flat": false,
  	"resolutions" :{},
  	"engines": {
  		"node": ">=0.10.0"
  	},
  	"private": false,
  	"publishConfig": {}
  }

yarn manifest: 
  No manifest

Lockfile: 
  No lockfile
